# JRE version: Java(TM) SE Runtime Environment (8.0_45-b14) (build 1.8.0_45-b14)
# Java VM: Java HotSpot(TM) 64-Bit Server VM (25.45-b02 mixed mode linux-amd64 compressed oops)
Heap:
 PSYoungGen      total 74752K, used 26093K [0x000000076ce00000, 0x0000000776000000, 0x00000007c0000000)
  eden space 64512K, 40% used [0x000000076ce00000,0x000000076e77b5d8,0x0000000770d00000)
  from space 10240K, 0% used [0x0000000771700000,0x0000000771700000,0x0000000772100000)
  to   space 10240K, 0% used [0x0000000770d00000,0x0000000770d00000,0x0000000771700000)
 ParOldGen       total 253440K, used 160164K [0x00000006c6a00000, 0x00000006d6180000, 0x000000076ce00000)
  object space 253440K, 63% used [0x00000006c6a00000,0x00000006d0669338,0x00000006d6180000)
 Metaspace       used 12885K, capacity 13062K, committed 13312K, reserved 1060864K
  class space    used 1361K, capacity 1432K, committed 1536K, reserved 1048576K
GC Heap History (6 events):
Event: 0,803 GC heap before
{Heap before GC invocations=1 (full 0):
 PSYoungGen      total 74752K, used 64512K [0x000000076ce00000, 0x0000000772100000, 0x00000007c0000000)
  eden space 64512K, 100% used [0x000000076ce00000,0x0000000770d00000,0x0000000770d00000)
  from space 10240K, 0% used [0x0000000771700000,0x0000000771700000,0x0000000772100000)
  to   space 10240K, 0% used [0x0000000770d00000,0x0000000770d00000,0x0000000771700000)
 ParOldGen       total 171008K, used 58806K [0x00000006c6a00000, 0x00000006d1100000, 0x000000076ce00000)
  object space 171008K, 34% used [0x00000006c6a00000,0x00000006ca36d810,0x00000006d1100000)
 Metaspace       used 11480K, capacity 11622K, committed 11776K, reserved 1060864K
  class space    used 1201K, capacity 1272K, committed 1280K, reserved 1048576K
Event: 0,810 GC heap after
Heap after GC invocations=1 (full 0):
 PSYoungGen      total 74752K, used 6603K [0x000000076ce00000, 0x0000000772100000, 0x00000007c0000000)
  eden space 64512K, 0% used [0x000000076ce00000,0x000000076ce00000,0x0000000770d00000)
  from space 10240K, 64% used [0x0000000770d00000,0x0000000771372fe8,0x0000000771700000)
  to   space 10240K, 0% used [0x0000000771700000,0x0000000771700000,0x0000000772100000)
 ParOldGen       total 171008K, used 58814K [0x00000006c6a00000, 0x00000006d1100000, 0x000000076ce00000)
  object space 171008K, 34% used [0x00000006c6a00000,0x00000006ca36f810,0x00000006d1100000)
 Metaspace       used 11480K, capacity 11622K, committed 11776K, reserved 1060864K
  class space    used 1201K, capacity 1272K, committed 1280K, reserved 1048576K
}
Event: 1,466 GC heap before
{Heap before GC invocations=2 (full 0):
 PSYoungGen      total 74752K, used 71115K [0x000000076ce00000, 0x0000000772100000, 0x00000007c0000000)
  eden space 64512K, 100% used [0x000000076ce00000,0x0000000770d00000,0x0000000770d00000)
  from space 10240K, 64% used [0x0000000770d00000,0x0000000771372fe8,0x0000000771700000)
  to   space 10240K, 0% used [0x0000000771700000,0x0000000771700000,0x0000000772100000)
 ParOldGen       total 171008K, used 117620K [0x00000006c6a00000, 0x00000006d1100000, 0x000000076ce00000)
  object space 171008K, 68% used [0x00000006c6a00000,0x00000006cdcdd020,0x00000006d1100000)
 Metaspace       used 12251K, capacity 12422K, committed 12672K, reserved 1060864K
  class space    used 1302K, capacity 1368K, committed 1408K, reserved 1048576K
Event: 1,488 GC heap after
Heap after GC invocations=2 (full 0):
 PSYoungGen      total 74752K, used 10235K [0x000000076ce00000, 0x0000000776000000, 0x00000007c0000000)
  eden space 64512K, 0% used [0x000000076ce00000,0x000000076ce00000,0x0000000770d00000)
  from space 10240K, 99% used [0x0000000771700000,0x00000007720fed50,0x0000000772100000)
  to   space 10240K, 0% used [0x0000000770d00000,0x0000000770d00000,0x0000000771700000)
 ParOldGen       total 171008K, used 151676K [0x00000006c6a00000, 0x00000006d1100000, 0x000000076ce00000)
  object space 171008K, 88% used [0x00000006c6a00000,0x00000006cfe1f078,0x00000006d1100000)
 Metaspace       used 12251K, capacity 12422K, committed 12672K, reserved 1060864K
  class space    used 1302K, capacity 1368K, committed 1408K, reserved 1048576K
}
Event: 1,488 GC heap before
{Heap before GC invocations=3 (full 1):
 PSYoungGen      total 74752K, used 10235K [0x000000076ce00000, 0x0000000776000000, 0x00000007c0000000)
  eden space 64512K, 0% used [0x000000076ce00000,0x000000076ce00000,0x0000000770d00000)
  from space 10240K, 99% used [0x0000000771700000,0x00000007720fed50,0x0000000772100000)
  to   space 10240K, 0% used [0x0000000770d00000,0x0000000770d00000,0x0000000771700000)
 ParOldGen       total 171008K, used 151676K [0x00000006c6a00000, 0x00000006d1100000, 0x000000076ce00000)
  object space 171008K, 88% used [0x00000006c6a00000,0x00000006cfe1f078,0x00000006d1100000)
 Metaspace       used 12251K, capacity 12422K, committed 12672K, reserved 1060864K
  class space    used 1302K, capacity 1368K, committed 1408K, reserved 1048576K
Event: 1,530 GC heap after
Heap after GC invocations=3 (full 1):
 PSYoungGen      total 74752K, used 0K [0x000000076ce00000, 0x0000000776000000, 0x00000007c0000000)
  eden space 64512K, 0% used [0x000000076ce00000,0x000000076ce00000,0x0000000770d00000)
  from space 10240K, 0% used [0x0000000771700000,0x0000000771700000,0x0000000772100000)
  to   space 10240K, 0% used [0x0000000770d00000,0x0000000770d00000,0x0000000771700000)
 ParOldGen       total 253440K, used 101358K [0x00000006c6a00000, 0x00000006d6180000, 0x000000076ce00000)
  object space 253440K, 39% used [0x00000006c6a00000,0x00000006cccfbb28,0x00000006d6180000)
 Metaspace       used 12251K, capacity 12422K, committed 12672K, reserved 1060864K
  class space    used 1302K, capacity 1368K, committed 1408K, reserved 1048576K
}

