# JRE version: Java(TM) SE Runtime Environment (8.0_45-b14) (build 1.8.0_45-b14)
# Java VM: Java HotSpot(TM) 64-Bit Server VM (25.45-b02 mixed mode linux-amd64 compressed oops)
Heap:
 PSYoungGen      total 849408K, used 274165K [0x000000076ce00000, 0x00000007b1900000, 0x00000007c0000000)
  eden space 585728K, 19% used [0x000000076ce00000,0x0000000773fcf3f0,0x0000000790a00000)
  from space 263680K, 59% used [0x00000007a1780000,0x00000007ab16e040,0x00000007b1900000)
  to   space 269824K, 0% used [0x0000000790a00000,0x0000000790a00000,0x00000007a1180000)
 ParOldGen       total 824320K, used 440397K [0x00000006c6a00000, 0x00000006f8f00000, 0x000000076ce00000)
  object space 824320K, 53% used [0x00000006c6a00000,0x00000006e1813498,0x00000006f8f00000)
 Metaspace       used 13888K, capacity 14068K, committed 14336K, reserved 1062912K
  class space    used 1404K, capacity 1468K, committed 1536K, reserved 1048576K
GC Heap History (10 events):
Event: 40,426 GC heap before
{Heap before GC invocations=19 (full 5):
 PSYoungGen      total 597504K, used 547536K [0x000000076ce00000, 0x00000007a8580000, 0x00000007c0000000)
  eden space 358912K, 100% used [0x000000076ce00000,0x0000000782c80000,0x0000000782c80000)
  from space 238592K, 79% used [0x0000000782c80000,0x000000078e4b4030,0x0000000791580000)
  to   space 261632K, 0% used [0x0000000798600000,0x0000000798600000,0x00000007a8580000)
 ParOldGen       total 824320K, used 430515K [0x00000006c6a00000, 0x00000006f8f00000, 0x000000076ce00000)
  object space 824320K, 52% used [0x00000006c6a00000,0x00000006e0e6ce88,0x00000006f8f00000)
 Metaspace       used 13428K, capacity 13614K, committed 13824K, reserved 1060864K
  class space    used 1383K, capacity 1467K, committed 1536K, reserved 1048576K
Event: 40,443 GC heap after
Heap after GC invocations=19 (full 5):
 PSYoungGen      total 683008K, used 118226K [0x000000076ce00000, 0x00000007a6f00000, 0x00000007c0000000)
  eden space 444416K, 0% used [0x000000076ce00000,0x000000076ce00000,0x0000000788000000)
  from space 238592K, 49% used [0x0000000798600000,0x000000079f974830,0x00000007a6f00000)
  to   space 253440K, 0% used [0x0000000788000000,0x0000000788000000,0x0000000797780000)
 ParOldGen       total 824320K, used 430523K [0x00000006c6a00000, 0x00000006f8f00000, 0x000000076ce00000)
  object space 824320K, 52% used [0x00000006c6a00000,0x00000006e0e6ee88,0x00000006f8f00000)
 Metaspace       used 13428K, capacity 13614K, committed 13824K, reserved 1060864K
  class space    used 1383K, capacity 1467K, committed 1536K, reserved 1048576K
}
Event: 44,477 GC heap before
{Heap before GC invocations=20 (full 5):
 PSYoungGen      total 683008K, used 562642K [0x000000076ce00000, 0x00000007a6f00000, 0x00000007c0000000)
  eden space 444416K, 100% used [0x000000076ce00000,0x0000000788000000,0x0000000788000000)
  from space 238592K, 49% used [0x0000000798600000,0x000000079f974830,0x00000007a6f00000)
  to   space 253440K, 0% used [0x0000000788000000,0x0000000788000000,0x0000000797780000)
 ParOldGen       total 824320K, used 430523K [0x00000006c6a00000, 0x00000006f8f00000, 0x000000076ce00000)
  object space 824320K, 52% used [0x00000006c6a00000,0x00000006e0e6ee88,0x00000006f8f00000)
 Metaspace       used 13442K, capacity 13614K, committed 13824K, reserved 1060864K
  class space    used 1383K, capacity 1467K, committed 1536K, reserved 1048576K
Event: 44,502 GC heap after
Heap after GC invocations=20 (full 5):
 PSYoungGen      total 697856K, used 224222K [0x000000076ce00000, 0x00000007b0800000, 0x00000007c0000000)
  eden space 444416K, 0% used [0x000000076ce00000,0x000000076ce00000,0x0000000788000000)
  from space 253440K, 88% used [0x0000000788000000,0x0000000795af7870,0x0000000797780000)
  to   space 284672K, 0% used [0x000000079f200000,0x000000079f200000,0x00000007b0800000)
 ParOldGen       total 824320K, used 430531K [0x00000006c6a00000, 0x00000006f8f00000, 0x000000076ce00000)
  object space 824320K, 52% used [0x00000006c6a00000,0x00000006e0e70e88,0x00000006f8f00000)
 Metaspace       used 13442K, capacity 13614K, committed 13824K, reserved 1060864K
  class space    used 1383K, capacity 1467K, committed 1536K, reserved 1048576K
}
Event: 48,541 GC heap before
{Heap before GC invocations=21 (full 5):
 PSYoungGen      total 697856K, used 668438K [0x000000076ce00000, 0x00000007b0800000, 0x00000007c0000000)
  eden space 444416K, 99% used [0x000000076ce00000,0x0000000787fcdfd0,0x0000000788000000)
  from space 253440K, 88% used [0x0000000788000000,0x0000000795af7870,0x0000000797780000)
  to   space 284672K, 0% used [0x000000079f200000,0x000000079f200000,0x00000007b0800000)
 ParOldGen       total 824320K, used 430531K [0x00000006c6a00000, 0x00000006f8f00000, 0x000000076ce00000)
  object space 824320K, 52% used [0x00000006c6a00000,0x00000006e0e70e88,0x00000006f8f00000)
 Metaspace       used 13482K, capacity 13678K, committed 13824K, reserved 1060864K
  class space    used 1383K, capacity 1467K, committed 1536K, reserved 1048576K
Event: 48,571 GC heap after
Heap after GC invocations=21 (full 5):
 PSYoungGen      total 806912K, used 157624K [0x000000076ce00000, 0x00000007b0000000, 0x00000007c0000000)
  eden space 530432K, 0% used [0x000000076ce00000,0x000000076ce00000,0x000000078d400000)
  from space 276480K, 57% used [0x000000079f200000,0x00000007a8bee040,0x00000007b0000000)
  to   space 284672K, 0% used [0x000000078d400000,0x000000078d400000,0x000000079ea00000)
 ParOldGen       total 824320K, used 430539K [0x00000006c6a00000, 0x00000006f8f00000, 0x000000076ce00000)
  object space 824320K, 52% used [0x00000006c6a00000,0x00000006e0e72e88,0x00000006f8f00000)
 Metaspace       used 13482K, capacity 13678K, committed 13824K, reserved 1060864K
  class space    used 1383K, capacity 1467K, committed 1536K, reserved 1048576K
}
Event: 52,449 GC heap before
{Heap before GC invocations=22 (full 5):
 PSYoungGen      total 806912K, used 688056K [0x000000076ce00000, 0x00000007b0000000, 0x00000007c0000000)
  eden space 530432K, 100% used [0x000000076ce00000,0x000000078d400000,0x000000078d400000)
  from space 276480K, 57% used [0x000000079f200000,0x00000007a8bee040,0x00000007b0000000)
  to   space 284672K, 0% used [0x000000078d400000,0x000000078d400000,0x000000079ea00000)
 ParOldGen       total 824320K, used 430539K [0x00000006c6a00000, 0x00000006f8f00000, 0x000000076ce00000)
  object space 824320K, 52% used [0x00000006c6a00000,0x00000006e0e72e88,0x00000006f8f00000)
 Metaspace       used 13498K, capacity 13684K, committed 13824K, reserved 1060864K
  class space    used 1383K, capacity 1468K, committed 1536K, reserved 1048576K
Event: 52,472 GC heap after
Heap after GC invocations=22 (full 5):
 PSYoungGen      total 815104K, used 120332K [0x000000076ce00000, 0x00000007b1f00000, 0x00000007c0000000)
  eden space 530432K, 0% used [0x000000076ce00000,0x000000076ce00000,0x000000078d400000)
  from space 284672K, 42% used [0x000000078d400000,0x0000000794983020,0x000000079ea00000)
  to   space 269824K, 0% used [0x00000007a1780000,0x00000007a1780000,0x00000007b1f00000)
 ParOldGen       total 824320K, used 430547K [0x00000006c6a00000, 0x00000006f8f00000, 0x000000076ce00000)
  object space 824320K, 52% used [0x00000006c6a00000,0x00000006e0e74e88,0x00000006f8f00000)
 Metaspace       used 13498K, capacity 13684K, committed 13824K, reserved 1060864K
  class space    used 1383K, capacity 1468K, committed 1536K, reserved 1048576K
}
Event: 56,953 GC heap before
{Heap before GC invocations=23 (full 5):
 PSYoungGen      total 815104K, used 649638K [0x000000076ce00000, 0x00000007b1f00000, 0x00000007c0000000)
  eden space 530432K, 99% used [0x000000076ce00000,0x000000078d2e6908,0x000000078d400000)
  from space 284672K, 42% used [0x000000078d400000,0x0000000794983020,0x000000079ea00000)
  to   space 269824K, 0% used [0x00000007a1780000,0x00000007a1780000,0x00000007b1f00000)
 ParOldGen       total 824320K, used 440389K [0x00000006c6a00000, 0x00000006f8f00000, 0x000000076ce00000)
  object space 824320K, 53% used [0x00000006c6a00000,0x00000006e1811498,0x00000006f8f00000)
 Metaspace       used 13519K, capacity 13684K, committed 13824K, reserved 1060864K
  class space    used 1383K, capacity 1468K, committed 1536K, reserved 1048576K
Event: 56,976 GC heap after
Heap after GC invocations=23 (full 5):
 PSYoungGen      total 849408K, used 157624K [0x000000076ce00000, 0x00000007b1900000, 0x00000007c0000000)
  eden space 585728K, 0% used [0x000000076ce00000,0x000000076ce00000,0x0000000790a00000)
  from space 263680K, 59% used [0x00000007a1780000,0x00000007ab16e040,0x00000007b1900000)
  to   space 269824K, 0% used [0x0000000790a00000,0x0000000790a00000,0x00000007a1180000)
 ParOldGen       total 824320K, used 440397K [0x00000006c6a00000, 0x00000006f8f00000, 0x000000076ce00000)
  object space 824320K, 53% used [0x00000006c6a00000,0x00000006e1813498,0x00000006f8f00000)
 Metaspace       used 13519K, capacity 13684K, committed 13824K, reserved 1060864K
  class space    used 1383K, capacity 1468K, committed 1536K, reserved 1048576K
}

