# JRE version: Java(TM) SE Runtime Environment (8.0_45-b14) (build 1.8.0_45-b14)
# Java VM: Java HotSpot(TM) 64-Bit Server VM (25.45-b02 mixed mode linux-amd64 compressed oops)
Heap:
 PSYoungGen      total 139264K, used 85077K [0x000000076ce00000, 0x0000000776000000, 0x00000007c0000000)
  eden space 129024K, 65% used [0x000000076ce00000,0x0000000772115480,0x0000000774c00000)
  from space 10240K, 0% used [0x0000000775600000,0x0000000775600000,0x0000000776000000)
  to   space 10240K, 0% used [0x0000000774c00000,0x0000000774c00000,0x0000000775600000)
 ParOldGen       total 253952K, used 101362K [0x00000006c6a00000, 0x00000006d6200000, 0x000000076ce00000)
  object space 253952K, 39% used [0x00000006c6a00000,0x00000006cccfcb08,0x00000006d6200000)
 Metaspace       used 12690K, capacity 12838K, committed 12928K, reserved 1060864K
  class space    used 1340K, capacity 1400K, committed 1408K, reserved 1048576K
GC Heap History (6 events):
Event: 0,651 GC heap before
{Heap before GC invocations=1 (full 0):
 PSYoungGen      total 74752K, used 64512K [0x000000076ce00000, 0x0000000772100000, 0x00000007c0000000)
  eden space 64512K, 100% used [0x000000076ce00000,0x0000000770d00000,0x0000000770d00000)
  from space 10240K, 0% used [0x0000000771700000,0x0000000771700000,0x0000000772100000)
  to   space 10240K, 0% used [0x0000000770d00000,0x0000000770d00000,0x0000000771700000)
 ParOldGen       total 171008K, used 58806K [0x00000006c6a00000, 0x00000006d1100000, 0x000000076ce00000)
  object space 171008K, 34% used [0x00000006c6a00000,0x00000006ca36d810,0x00000006d1100000)
 Metaspace       used 11508K, capacity 11686K, committed 11776K, reserved 1060864K
  class space    used 1205K, capacity 1272K, committed 1280K, reserved 1048576K
Event: 0,659 GC heap after
Heap after GC invocations=1 (full 0):
 PSYoungGen      total 74752K, used 6599K [0x000000076ce00000, 0x0000000776000000, 0x00000007c0000000)
  eden space 64512K, 0% used [0x000000076ce00000,0x000000076ce00000,0x0000000770d00000)
  from space 10240K, 64% used [0x0000000770d00000,0x0000000771371f88,0x0000000771700000)
  to   space 10240K, 0% used [0x0000000775600000,0x0000000775600000,0x0000000776000000)
 ParOldGen       total 171008K, used 58814K [0x00000006c6a00000, 0x00000006d1100000, 0x000000076ce00000)
  object space 171008K, 34% used [0x00000006c6a00000,0x00000006ca36f810,0x00000006d1100000)
 Metaspace       used 11508K, capacity 11686K, committed 11776K, reserved 1060864K
  class space    used 1205K, capacity 1272K, committed 1280K, reserved 1048576K
}
Event: 1,295 GC heap before
{Heap before GC invocations=2 (full 0):
 PSYoungGen      total 74752K, used 71111K [0x000000076ce00000, 0x0000000776000000, 0x00000007c0000000)
  eden space 64512K, 100% used [0x000000076ce00000,0x0000000770d00000,0x0000000770d00000)
  from space 10240K, 64% used [0x0000000770d00000,0x0000000771371f88,0x0000000771700000)
  to   space 10240K, 0% used [0x0000000775600000,0x0000000775600000,0x0000000776000000)
 ParOldGen       total 171008K, used 117620K [0x00000006c6a00000, 0x00000006d1100000, 0x000000076ce00000)
  object space 171008K, 68% used [0x00000006c6a00000,0x00000006cdcdd020,0x00000006d1100000)
 Metaspace       used 12223K, capacity 12422K, committed 12672K, reserved 1060864K
  class space    used 1299K, capacity 1368K, committed 1408K, reserved 1048576K
Event: 1,316 GC heap after
Heap after GC invocations=2 (full 0):
 PSYoungGen      total 139264K, used 10221K [0x000000076ce00000, 0x0000000776000000, 0x00000007c0000000)
  eden space 129024K, 0% used [0x000000076ce00000,0x000000076ce00000,0x0000000774c00000)
  from space 10240K, 99% used [0x0000000775600000,0x0000000775ffb7a0,0x0000000776000000)
  to   space 10240K, 0% used [0x0000000774c00000,0x0000000774c00000,0x0000000775600000)
 ParOldGen       total 171008K, used 151278K [0x00000006c6a00000, 0x00000006d1100000, 0x000000076ce00000)
  object space 171008K, 88% used [0x00000006c6a00000,0x00000006cfdbbb98,0x00000006d1100000)
 Metaspace       used 12223K, capacity 12422K, committed 12672K, reserved 1060864K
  class space    used 1299K, capacity 1368K, committed 1408K, reserved 1048576K
}
Event: 1,316 GC heap before
{Heap before GC invocations=3 (full 1):
 PSYoungGen      total 139264K, used 10221K [0x000000076ce00000, 0x0000000776000000, 0x00000007c0000000)
  eden space 129024K, 0% used [0x000000076ce00000,0x000000076ce00000,0x0000000774c00000)
  from space 10240K, 99% used [0x0000000775600000,0x0000000775ffb7a0,0x0000000776000000)
  to   space 10240K, 0% used [0x0000000774c00000,0x0000000774c00000,0x0000000775600000)
 ParOldGen       total 171008K, used 151278K [0x00000006c6a00000, 0x00000006d1100000, 0x000000076ce00000)
  object space 171008K, 88% used [0x00000006c6a00000,0x00000006cfdbbb98,0x00000006d1100000)
 Metaspace       used 12223K, capacity 12422K, committed 12672K, reserved 1060864K
  class space    used 1299K, capacity 1368K, committed 1408K, reserved 1048576K
Event: 1,360 GC heap after
Heap after GC invocations=3 (full 1):
 PSYoungGen      total 139264K, used 0K [0x000000076ce00000, 0x0000000776000000, 0x00000007c0000000)
  eden space 129024K, 0% used [0x000000076ce00000,0x000000076ce00000,0x0000000774c00000)
  from space 10240K, 0% used [0x0000000775600000,0x0000000775600000,0x0000000776000000)
  to   space 10240K, 0% used [0x0000000774c00000,0x0000000774c00000,0x0000000775600000)
 ParOldGen       total 253952K, used 101362K [0x00000006c6a00000, 0x00000006d6200000, 0x000000076ce00000)
  object space 253952K, 39% used [0x00000006c6a00000,0x00000006cccfcb08,0x00000006d6200000)
 Metaspace       used 12223K, capacity 12422K, committed 12672K, reserved 1060864K
  class space    used 1299K, capacity 1368K, committed 1408K, reserved 1048576K
}

