# JRE version: Java(TM) SE Runtime Environment (8.0_45-b14) (build 1.8.0_45-b14)
# Java VM: Java HotSpot(TM) 64-Bit Server VM (25.45-b02 mixed mode linux-amd64 compressed oops)
Heap:
 PSYoungGen      total 896000K, used 619381K [0x000000076ce00000, 0x00000007bb600000, 0x00000007c0000000)
  eden space 537600K, 67% used [0x000000076ce00000,0x00000007830f98c8,0x000000078db00000)
  from space 358400K, 71% used [0x00000007a4380000,0x00000007b3d63e80,0x00000007ba180000)
  to   space 369152K, 0% used [0x000000078db00000,0x000000078db00000,0x00000007a4380000)
 ParOldGen       total 691200K, used 106961K [0x00000006c6a00000, 0x00000006f0d00000, 0x000000076ce00000)
  object space 691200K, 15% used [0x00000006c6a00000,0x00000006cd274768,0x00000006f0d00000)
 Metaspace       used 13997K, capacity 14136K, committed 14336K, reserved 1062912K
  class space    used 1405K, capacity 1467K, committed 1536K, reserved 1048576K
GC Heap History (10 events):
Event: 142,752 GC heap before
{Heap before GC invocations=27 (full 4):
 PSYoungGen      total 875520K, used 657362K [0x000000076ce00000, 0x00000007bbd00000, 0x00000007c0000000)
  eden space 504832K, 100% used [0x000000076ce00000,0x000000078bb00000,0x000000078bb00000)
  from space 370688K, 41% used [0x00000007a5300000,0x00000007ae7f4830,0x00000007bbd00000)
  to   space 394240K, 0% used [0x000000078bb00000,0x000000078bb00000,0x00000007a3c00000)
 ParOldGen       total 631296K, used 464742K [0x00000006c6a00000, 0x00000006ed280000, 0x000000076ce00000)
  object space 631296K, 73% used [0x00000006c6a00000,0x00000006e2fd9950,0x00000006ed280000)
 Metaspace       used 13431K, capacity 13618K, committed 13824K, reserved 1060864K
  class space    used 1373K, capacity 1466K, committed 1536K, reserved 1048576K
Event: 142,767 GC heap after
Heap after GC invocations=27 (full 4):
 PSYoungGen      total 899072K, used 162008K [0x000000076ce00000, 0x00000007bae00000, 0x00000007c0000000)
  eden space 504832K, 0% used [0x000000076ce00000,0x000000076ce00000,0x000000078bb00000)
  from space 394240K, 41% used [0x000000078bb00000,0x0000000795936040,0x00000007a3c00000)
  to   space 374784K, 0% used [0x00000007a4000000,0x00000007a4000000,0x00000007bae00000)
 ParOldGen       total 631296K, used 464750K [0x00000006c6a00000, 0x00000006ed280000, 0x000000076ce00000)
  object space 631296K, 73% used [0x00000006c6a00000,0x00000006e2fdb950,0x00000006ed280000)
 Metaspace       used 13431K, capacity 13618K, committed 13824K, reserved 1060864K
  class space    used 1373K, capacity 1466K, committed 1536K, reserved 1048576K
}
Event: 154,846 GC heap before
{Heap before GC invocations=28 (full 5):
 PSYoungGen      total 899072K, used 666840K [0x000000076ce00000, 0x00000007bae00000, 0x00000007c0000000)
  eden space 504832K, 100% used [0x000000076ce00000,0x000000078bb00000,0x000000078bb00000)
  from space 394240K, 41% used [0x000000078bb00000,0x0000000795936040,0x00000007a3c00000)
  to   space 374784K, 0% used [0x00000007a4000000,0x00000007a4000000,0x00000007bae00000)
 ParOldGen       total 631296K, used 566213K [0x00000006c6a00000, 0x00000006ed280000, 0x000000076ce00000)
  object space 631296K, 89% used [0x00000006c6a00000,0x00000006e92f17c0,0x00000006ed280000)
 Metaspace       used 13456K, capacity 13682K, committed 13824K, reserved 1060864K
  class space    used 1373K, capacity 1466K, committed 1536K, reserved 1048576K
Event: 154,883 GC heap after
Heap after GC invocations=28 (full 5):
 PSYoungGen      total 899072K, used 0K [0x000000076ce00000, 0x00000007bae00000, 0x00000007c0000000)
  eden space 504832K, 0% used [0x000000076ce00000,0x000000076ce00000,0x000000078bb00000)
  from space 394240K, 0% used [0x000000078bb00000,0x000000078bb00000,0x00000007a3c00000)
  to   space 374784K, 0% used [0x00000007a4000000,0x00000007a4000000,0x00000007bae00000)
 ParOldGen       total 691200K, used 106937K [0x00000006c6a00000, 0x00000006f0d00000, 0x000000076ce00000)
  object space 691200K, 15% used [0x00000006c6a00000,0x00000006cd26e768,0x00000006f0d00000)
 Metaspace       used 13456K, capacity 13682K, committed 13824K, reserved 1060864K
  class space    used 1373K, capacity 1466K, committed 1536K, reserved 1048576K
}
Event: 158,376 GC heap before
{Heap before GC invocations=29 (full 5):
 PSYoungGen      total 899072K, used 499757K [0x000000076ce00000, 0x00000007bae00000, 0x00000007c0000000)
  eden space 504832K, 98% used [0x000000076ce00000,0x000000078b60b7c8,0x000000078bb00000)
  from space 394240K, 0% used [0x000000078bb00000,0x000000078bb00000,0x00000007a3c00000)
  to   space 374784K, 0% used [0x00000007a4000000,0x00000007a4000000,0x00000007bae00000)
 ParOldGen       total 691200K, used 106937K [0x00000006c6a00000, 0x00000006f0d00000, 0x000000076ce00000)
  object space 691200K, 15% used [0x00000006c6a00000,0x00000006cd26e768,0x00000006f0d00000)
 Metaspace       used 13488K, capacity 13688K, committed 13824K, reserved 1060864K
  class space    used 1374K, capacity 1467K, committed 1536K, reserved 1048576K
Event: 158,406 GC heap after
Heap after GC invocations=29 (full 5):
 PSYoungGen      total 904192K, used 225765K [0x000000076ce00000, 0x00000007baf00000, 0x00000007c0000000)
  eden space 529408K, 0% used [0x000000076ce00000,0x000000076ce00000,0x000000078d300000)
  from space 374784K, 60% used [0x00000007a4000000,0x00000007b1c796c8,0x00000007bae00000)
  to   space 373760K, 0% used [0x000000078d300000,0x000000078d300000,0x00000007a4000000)
 ParOldGen       total 691200K, used 106945K [0x00000006c6a00000, 0x00000006f0d00000, 0x000000076ce00000)
  object space 691200K, 15% used [0x00000006c6a00000,0x00000006cd270768,0x00000006f0d00000)
 Metaspace       used 13488K, capacity 13688K, committed 13824K, reserved 1060864K
  class space    used 1374K, capacity 1467K, committed 1536K, reserved 1048576K
}
Event: 170,096 GC heap before
{Heap before GC invocations=30 (full 5):
 PSYoungGen      total 904192K, used 755173K [0x000000076ce00000, 0x00000007baf00000, 0x00000007c0000000)
  eden space 529408K, 100% used [0x000000076ce00000,0x000000078d300000,0x000000078d300000)
  from space 374784K, 60% used [0x00000007a4000000,0x00000007b1c796c8,0x00000007bae00000)
  to   space 373760K, 0% used [0x000000078d300000,0x000000078d300000,0x00000007a4000000)
 ParOldGen       total 691200K, used 106945K [0x00000006c6a00000, 0x00000006f0d00000, 0x000000076ce00000)
  object space 691200K, 15% used [0x00000006c6a00000,0x00000006cd270768,0x00000006f0d00000)
 Metaspace       used 13501K, capacity 13688K, committed 13824K, reserved 1060864K
  class space    used 1374K, capacity 1467K, committed 1536K, reserved 1048576K
Event: 170,115 GC heap after
Heap after GC invocations=30 (full 5):
 PSYoungGen      total 903168K, used 156754K [0x000000076ce00000, 0x00000007ba180000, 0x00000007c0000000)
  eden space 529408K, 0% used [0x000000076ce00000,0x000000076ce00000,0x000000078d300000)
  from space 373760K, 41% used [0x000000078d300000,0x0000000796c14830,0x00000007a4000000)
  to   space 358400K, 0% used [0x00000007a4380000,0x00000007a4380000,0x00000007ba180000)
 ParOldGen       total 691200K, used 106953K [0x00000006c6a00000, 0x00000006f0d00000, 0x000000076ce00000)
  object space 691200K, 15% used [0x00000006c6a00000,0x00000006cd272768,0x00000006f0d00000)
 Metaspace       used 13501K, capacity 13688K, committed 13824K, reserved 1060864K
  class space    used 1374K, capacity 1467K, committed 1536K, reserved 1048576K
}
Event: 181,690 GC heap before
{Heap before GC invocations=31 (full 5):
 PSYoungGen      total 903168K, used 686162K [0x000000076ce00000, 0x00000007ba180000, 0x00000007c0000000)
  eden space 529408K, 100% used [0x000000076ce00000,0x000000078d300000,0x000000078d300000)
  from space 373760K, 41% used [0x000000078d300000,0x0000000796c14830,0x00000007a4000000)
  to   space 358400K, 0% used [0x00000007a4380000,0x00000007a4380000,0x00000007ba180000)
 ParOldGen       total 691200K, used 106953K [0x00000006c6a00000, 0x00000006f0d00000, 0x000000076ce00000)
  object space 691200K, 15% used [0x00000006c6a00000,0x00000006cd272768,0x00000006f0d00000)
 Metaspace       used 13527K, capacity 13752K, committed 14080K, reserved 1062912K
  class space    used 1374K, capacity 1467K, committed 1536K, reserved 1048576K
Event: 181,721 GC heap after
Heap after GC invocations=31 (full 5):
 PSYoungGen      total 896000K, used 255887K [0x000000076ce00000, 0x00000007bb600000, 0x00000007c0000000)
  eden space 537600K, 0% used [0x000000076ce00000,0x000000076ce00000,0x000000078db00000)
  from space 358400K, 71% used [0x00000007a4380000,0x00000007b3d63e80,0x00000007ba180000)
  to   space 369152K, 0% used [0x000000078db00000,0x000000078db00000,0x00000007a4380000)
 ParOldGen       total 691200K, used 106961K [0x00000006c6a00000, 0x00000006f0d00000, 0x000000076ce00000)
  object space 691200K, 15% used [0x00000006c6a00000,0x00000006cd274768,0x00000006f0d00000)
 Metaspace       used 13527K, capacity 13752K, committed 14080K, reserved 1062912K
  class space    used 1374K, capacity 1467K, committed 1536K, reserved 1048576K
}

